<?xml version="1.0" encoding="UTF-8"?>
<testsuite xmlns:xsi="http://www.w3.org/2001/XMLSchema-instance" xsi:noNamespaceSchemaLocation="https://maven.apache.org/surefire/maven-surefire-plugin/xsd/surefire-test-report-3.0.xsd" version="3.0" name="com.agric.agricbizerte.AgricBizerteApplicationTests" time="19.299" tests="1" errors="0" skipped="0" failures="0">
  <properties>
[...]
</properties>
  <testcase name="contextLoads" classname="com.agric.agricbizerte.AgricBizerteApplicationTests" time="0.711">
    <system-out><![CDATA[21:03:45.131 [main] INFO org.springframework.test.context.support.AnnotationConfigContextLoaderUtils -- Could not detect default configuration classes for test class [com.agric.agricbizerte.AgricBizerteApplicationTests]: AgricBizerteApplicationTests does not declare any static, non-private, non-final, nested classes annotated with @Configuration.
21:03:45.366 [main] INFO org.springframework.boot.test.context.SpringBootTestContextBootstrapper -- Found @SpringBootConfiguration com.agric.agricbizerte.AgricBizerteApplication for test class com.agric.agricbizerte.AgricBizerteApplicationTests

  .   ____          _            __ _ _
 /\\ / ___'_ __ _ _(_)_ __  __ _ \ \ \ \
( ( )\___ | '_ | '_| | '_ \/ _` | \ \ \ \
 \\/  ___)| |_)| | | | | || (_| |  ) ) ) )
  '  |____| .__|_| |_|_| |_\__, | / / / /
 =========|_|==============|___/=/_/_/_/
 :: Spring Boot ::                (v3.1.3)

2023-10-01T21:03:46.353+01:00  INFO 9956 --- [           main] c.a.a.AgricBizerteApplicationTests       : Starting AgricBizerteApplicationTests using Java 17.0.7 with PID 9956 (started by nahed in C:\Users\nahed\IdeaProjects\agric-bizerte)
2023-10-01T21:03:46.356+01:00  INFO 9956 --- [           main] c.a.a.AgricBizerteApplicationTests       : No active profile set, falling back to 1 default profile: "default"
2023-10-01T21:03:48.060+01:00  INFO 9956 --- [           main] .s.d.r.c.RepositoryConfigurationDelegate : Bootstrapping Spring Data JPA repositories in DEFAULT mode.
2023-10-01T21:03:48.235+01:00  INFO 9956 --- [           main] .s.d.r.c.RepositoryConfigurationDelegate : Finished Spring Data repository scanning in 156 ms. Found 4 JPA repository interfaces.
2023-10-01T21:03:49.425+01:00  INFO 9956 --- [           main] o.hibernate.jpa.internal.util.LogHelper  : HHH000204: Processing PersistenceUnitInfo [name: default]
2023-10-01T21:03:49.591+01:00  INFO 9956 --- [           main] org.hibernate.Version                    : HHH000412: Hibernate ORM core version 6.2.7.Final
2023-10-01T21:03:49.597+01:00  INFO 9956 --- [           main] org.hibernate.cfg.Environment            : HHH000406: Using bytecode reflection optimizer
2023-10-01T21:03:50.049+01:00  INFO 9956 --- [           main] o.h.b.i.BytecodeProviderInitiator        : HHH000021: Bytecode provider name : bytebuddy
2023-10-01T21:03:50.497+01:00  INFO 9956 --- [           main] o.s.o.j.p.SpringPersistenceUnitInfo      : No LoadTimeWeaver setup: ignoring JPA class transformer
2023-10-01T21:03:50.540+01:00  INFO 9956 --- [           main] com.zaxxer.hikari.HikariDataSource       : HikariPool-1 - Starting...
2023-10-01T21:03:54.840+01:00  INFO 9956 --- [           main] com.zaxxer.hikari.pool.HikariPool        : HikariPool-1 - Added connection org.postgresql.jdbc.PgConnection@3686389
2023-10-01T21:03:54.842+01:00  INFO 9956 --- [           main] com.zaxxer.hikari.HikariDataSource       : HikariPool-1 - Start completed.
2023-10-01T21:03:55.816+01:00  INFO 9956 --- [           main] o.h.b.i.BytecodeProviderInitiator        : HHH000021: Bytecode provider name : bytebuddy
2023-10-01T21:03:56.407+01:00  INFO 9956 --- [           main] o.h.m.i.EntityInstantiatorPojoStandard   : HHH000182: No default (no-argument) constructor for class: com.agric.agricbizerte.entity.SupplyProcess (class must be instantiated by Interceptor)
2023-10-01T21:03:56.737+01:00  INFO 9956 --- [           main] o.h.e.t.j.p.i.JtaPlatformInitiator       : HHH000490: Using JtaPlatform implementation: [org.hibernate.engine.transaction.jta.platform.internal.NoJtaPlatform]
Hibernate: 
    alter table if exists bovins 
       alter column date_of_birth set data type timestamp(6)
Hibernate: 
    alter table if exists bovins 
       alter column end_date set data type timestamp(6)
Hibernate: 
    alter table if exists supply_process 
       alter column date set data type timestamp(6)
2023-10-01T21:04:00.004+01:00  INFO 9956 --- [           main] j.LocalContainerEntityManagerFactoryBean : Initialized JPA EntityManagerFactory for persistence unit 'default'
2023-10-01T21:04:01.531+01:00  WARN 9956 --- [           main] JpaBaseConfiguration$JpaWebConfiguration : spring.jpa.open-in-view is enabled by default. Therefore, database queries may be performed during view rendering. Explicitly configure spring.jpa.open-in-view to disable this warning
2023-10-01T21:04:03.291+01:00  INFO 9956 --- [           main] c.a.a.AgricBizerteApplicationTests       : Started AgricBizerteApplicationTests in 17.536 seconds (process running for 19.755)
]]></system-out>
  </testcase>
</testsuite>