<?xml version="1.0" encoding="UTF-8"?>
<testsuite xmlns:xsi="http://www.w3.org/2001/XMLSchema-instance" xsi:noNamespaceSchemaLocation="https://maven.apache.org/surefire/maven-surefire-plugin/xsd/surefire-test-report-3.0.xsd" version="3.0" name="com.agric.agricbizerte.AgricBizerteApplicationTests" time="18.228" tests="1" errors="0" skipped="0" failures="0">
  <properties>
[...]
</properties>
  <testcase name="contextLoads" classname="com.agric.agricbizerte.AgricBizerteApplicationTests" time="0.49">
    <system-out><![CDATA[23:45:46.535 [main] INFO org.springframework.test.context.support.AnnotationConfigContextLoaderUtils -- Could not detect default configuration classes for test class [com.agric.agricbizerte.AgricBizerteApplicationTests]: AgricBizerteApplicationTests does not declare any static, non-private, non-final, nested classes annotated with @Configuration.
23:45:46.642 [main] INFO org.springframework.boot.test.context.SpringBootTestContextBootstrapper -- Found @SpringBootConfiguration com.agric.agricbizerte.AgricBizerteApplication for test class com.agric.agricbizerte.AgricBizerteApplicationTests

  .   ____          _            __ _ _
 /\\ / ___'_ __ _ _(_)_ __  __ _ \ \ \ \
( ( )\___ | '_ | '_| | '_ \/ _` | \ \ \ \
 \\/  ___)| |_)| | | | | || (_| |  ) ) ) )
  '  |____| .__|_| |_|_| |_\__, | / / / /
 =========|_|==============|___/=/_/_/_/
 :: Spring Boot ::                (v3.1.3)

2023-10-01T23:45:47.093+01:00  INFO 19604 --- [           main] c.a.a.AgricBizerteApplicationTests       : Starting AgricBizerteApplicationTests using Java 17.0.7 with PID 19604 (started by nahed in C:\Users\nahed\source\repos\agric-bizerte-backend)
2023-10-01T23:45:47.095+01:00  INFO 19604 --- [           main] c.a.a.AgricBizerteApplicationTests       : No active profile set, falling back to 1 default profile: "default"
2023-10-01T23:45:47.941+01:00  INFO 19604 --- [           main] .s.d.r.c.RepositoryConfigurationDelegate : Bootstrapping Spring Data JPA repositories in DEFAULT mode.
2023-10-01T23:45:48.007+01:00  INFO 19604 --- [           main] .s.d.r.c.RepositoryConfigurationDelegate : Finished Spring Data repository scanning in 59 ms. Found 3 JPA repository interfaces.
2023-10-01T23:45:48.509+01:00  INFO 19604 --- [           main] o.hibernate.jpa.internal.util.LogHelper  : HHH000204: Processing PersistenceUnitInfo [name: default]
2023-10-01T23:45:48.573+01:00  INFO 19604 --- [           main] org.hibernate.Version                    : HHH000412: Hibernate ORM core version 6.2.7.Final
2023-10-01T23:45:48.576+01:00  INFO 19604 --- [           main] org.hibernate.cfg.Environment            : HHH000406: Using bytecode reflection optimizer
2023-10-01T23:45:48.768+01:00  INFO 19604 --- [           main] o.h.b.i.BytecodeProviderInitiator        : HHH000021: Bytecode provider name : bytebuddy
2023-10-01T23:45:48.951+01:00  INFO 19604 --- [           main] o.s.o.j.p.SpringPersistenceUnitInfo      : No LoadTimeWeaver setup: ignoring JPA class transformer
2023-10-01T23:45:48.977+01:00  INFO 19604 --- [           main] com.zaxxer.hikari.HikariDataSource       : HikariPool-1 - Starting...
2023-10-01T23:45:51.393+01:00  INFO 19604 --- [           main] com.zaxxer.hikari.pool.HikariPool        : HikariPool-1 - Added connection com.mysql.cj.jdbc.ConnectionImpl@39f42d0e
2023-10-01T23:45:51.395+01:00  INFO 19604 --- [           main] com.zaxxer.hikari.HikariDataSource       : HikariPool-1 - Start completed.
2023-10-01T23:45:51.654+01:00  WARN 19604 --- [           main] org.hibernate.dialect.Dialect            : HHH000511: The 5.5.0 version for [org.hibernate.dialect.MySQLDialect] is no longer supported, hence certain features may not work properly. The minimum supported version is 5.7.0. Check the community dialects project for available legacy versions.
2023-10-01T23:45:51.900+01:00  INFO 19604 --- [           main] o.h.b.i.BytecodeProviderInitiator        : HHH000021: Bytecode provider name : bytebuddy
2023-10-01T23:45:52.549+01:00  INFO 19604 --- [           main] o.h.e.t.j.p.i.JtaPlatformInitiator       : HHH000490: Using JtaPlatform implementation: [org.hibernate.engine.transaction.jta.platform.internal.NoJtaPlatform]
Hibernate: 
    alter table bovins 
       drop 
       foreign key FK5q6g5namtgv2vhck7jgp95gp4
Hibernate: 
    alter table bovins 
       drop 
       foreign key FKddhcbb28ts6x8mw34ro13r6pd
Hibernate: 
    drop table if exists bovins
Hibernate: 
    drop table if exists bovins_seq
Hibernate: 
    drop table if exists breeders
Hibernate: 
    drop table if exists breeders_seq
Hibernate: 
    drop table if exists suppliers
Hibernate: 
    drop table if exists suppliers_seq
Hibernate: 
    create table bovins (
        bovin_id bigint not null,
        `breeder_id` bigint,
        `supplier_id` bigint,
        bovin_idf varchar(255),
        breeder_name varchar(255),
        destination varchar(255),
        gps_coordinate varchar(255),
        location varchar(255),
        race varchar(255),
        saved_date varchar(255),
        state varchar(255),
        primary key (bovin_id)
    ) engine=InnoDB
Hibernate: 
    create table bovins_seq (
        next_val bigint
    ) engine=InnoDB
Hibernate: 
    insert into bovins_seq values ( 1 )
Hibernate: 
    create table breeders (
        absorption_capacity integer,
        breeder_id bigint not null,
        phone bigint,
        address varchar(255),
        full_name varchar(255),
        primary key (breeder_id)
    ) engine=InnoDB
Hibernate: 
    create table breeders_seq (
        next_val bigint
    ) engine=InnoDB
Hibernate: 
    insert into breeders_seq values ( 1 )
Hibernate: 
    create table suppliers (
        phone bigint,
        supplier_id bigint not null,
        address varchar(255),
        name varchar(255),
        share_annual varchar(255),
        primary key (supplier_id)
    ) engine=InnoDB
Hibernate: 
    create table suppliers_seq (
        next_val bigint
    ) engine=InnoDB
Hibernate: 
    insert into suppliers_seq values ( 1 )
Hibernate: 
    alter table bovins 
       add constraint FK5q6g5namtgv2vhck7jgp95gp4 
       foreign key (`supplier_id`) 
       references suppliers (supplier_id)
Hibernate: 
    alter table bovins 
       add constraint FKddhcbb28ts6x8mw34ro13r6pd 
       foreign key (`breeder_id`) 
       references breeders (breeder_id)
2023-10-01T23:46:01.988+01:00  INFO 19604 --- [           main] j.LocalContainerEntityManagerFactoryBean : Initialized JPA EntityManagerFactory for persistence unit 'default'
2023-10-01T23:46:02.887+01:00  WARN 19604 --- [           main] JpaBaseConfiguration$JpaWebConfiguration : spring.jpa.open-in-view is enabled by default. Therefore, database queries may be performed during view rendering. Explicitly configure spring.jpa.open-in-view to disable this warning
2023-10-01T23:46:04.082+01:00  INFO 19604 --- [           main] c.a.a.AgricBizerteApplicationTests       : Started AgricBizerteApplicationTests in 17.284 seconds (process running for 18.243)
]]></system-out>
  </testcase>
</testsuite>